<?xml version="1.0" encoding="UTF-8"?>
<!-- Generated by org.testng.reporters.JUnitXMLReporter -->
<testsuite ignored="0" hostname="DESKTOP-DUQ488G" failures="0" tests="4" name="Default test" time="5.404" errors="0" timestamp="2023-06-05T16:46:31 EDT">
  <testcase classname="capstoneProject.CapstoneProject" name="createResource" time="2.738"/>
  <testcase classname="capstoneProject.CapstoneProject" name="verifyResource" time="0.008"/>
  <testcase classname="capstoneProject.CapstoneProject" name="updateResource" time="1.02"/>
  <testcase classname="capstoneProject.CapstoneProject" name="deleteResource" time="1.068"/>
</testsuite> <!-- Default test -->
